Server is running on port 8000
Connected to Mongodb Database
hit
{
  host: 'localhost:8000',
  connection: 'keep-alive',
  'sec-ch-ua-platform': '"Linux"',
  authorization: 'Bearer null',
  'user-agent': 'Mozilla/5.0 (X11; Linux x86_64) AppleWebKit/537.36 (KHTML, like Gecko) Chrome/141.0.0.0 Safari/537.36',
  accept: 'application/json, text/plain, */*',
  'sec-ch-ua': '"Google Chrome";v="141", "Not?A_Brand";v="8", "Chromium";v="141"',
  dnt: '1',
  'sec-ch-ua-mobile': '?0',
  origin: 'http://localhost:3000',
  'sec-fetch-site': 'same-site',
  'sec-fetch-mode': 'cors',
  'sec-fetch-dest': 'empty',
  referer: 'http://localhost:3000/',
  'accept-encoding': 'gzip, deflate, br, zstd',
  'accept-language': 'en-IN,en-GB;q=0.9,en-US;q=0.8,en;q=0.7,hi;q=0.6'
}
hit
{
  host: 'localhost:8000',
  connection: 'keep-alive',
  'sec-ch-ua-platform': '"Linux"',
  authorization: 'Bearer null',
  'user-agent': 'Mozilla/5.0 (X11; Linux x86_64) AppleWebKit/537.36 (KHTML, like Gecko) Chrome/141.0.0.0 Safari/537.36',
  accept: 'application/json, text/plain, */*',
  'sec-ch-ua': '"Google Chrome";v="141", "Not?A_Brand";v="8", "Chromium";v="141"',
  dnt: '1',
  'sec-ch-ua-mobile': '?0',
  origin: 'http://localhost:3000',
  'sec-fetch-site': 'same-site',
  'sec-fetch-mode': 'cors',
  'sec-fetch-dest': 'empty',
  referer: 'http://localhost:3000/',
  'accept-encoding': 'gzip, deflate, br, zstd',
  'accept-language': 'en-IN,en-GB;q=0.9,en-US;q=0.8,en;q=0.7,hi;q=0.6'
}
hit
{
  host: 'localhost:8000',
  connection: 'keep-alive',
  'sec-ch-ua-platform': '"Linux"',
  authorization: 'Bearer null',
  'user-agent': 'Mozilla/5.0 (X11; Linux x86_64) AppleWebKit/537.36 (KHTML, like Gecko) Chrome/141.0.0.0 Safari/537.36',
  accept: 'application/json, text/plain, */*',
  'sec-ch-ua': '"Google Chrome";v="141", "Not?A_Brand";v="8", "Chromium";v="141"',
  dnt: '1',
  'sec-ch-ua-mobile': '?0',
  origin: 'http://localhost:3000',
  'sec-fetch-site': 'same-site',
  'sec-fetch-mode': 'cors',
  'sec-fetch-dest': 'empty',
  referer: 'http://localhost:3000/',
  'accept-encoding': 'gzip, deflate, br, zstd',
  'accept-language': 'en-IN,en-GB;q=0.9,en-US;q=0.8,en;q=0.7,hi;q=0.6'
}
hit
{
  host: 'localhost:8000',
  connection: 'keep-alive',
  'sec-ch-ua-platform': '"Linux"',
  authorization: 'Bearer null',
  'user-agent': 'Mozilla/5.0 (X11; Linux x86_64) AppleWebKit/537.36 (KHTML, like Gecko) Chrome/141.0.0.0 Safari/537.36',
  accept: 'application/json, text/plain, */*',
  'sec-ch-ua': '"Google Chrome";v="141", "Not?A_Brand";v="8", "Chromium";v="141"',
  dnt: '1',
  'sec-ch-ua-mobile': '?0',
  origin: 'http://localhost:3000',
  'sec-fetch-site': 'same-site',
  'sec-fetch-mode': 'cors',
  'sec-fetch-dest': 'empty',
  referer: 'http://localhost:3000/',
  'accept-encoding': 'gzip, deflate, br, zstd',
  'accept-language': 'en-IN,en-GB;q=0.9,en-US;q=0.8,en;q=0.7,hi;q=0.6'
}
hit
{
  host: 'localhost:8000',
  connection: 'keep-alive',
  'sec-ch-ua-platform': '"Linux"',
  authorization: 'Bearer eyJhbGciOiJIUzI1NiIsInR5cCI6IkpXVCJ9.eyJpZCI6IjY4ZTk4ZGM4YzIwODZmMzRmNzgyNWQ0OCIsImVtYWlsIjoidGVzdDEyM0B0ZXN0LmNvbSIsImlhdCI6MTc2MDEzNjc2NSwiZXhwIjoxNzYwMjIzMTY1fQ.DTaSdD3YvwZeSPKHCJp9kjfSzYaqHAHRvxCLCOyoNrM',
  'user-agent': 'Mozilla/5.0 (X11; Linux x86_64) AppleWebKit/537.36 (KHTML, like Gecko) Chrome/141.0.0.0 Safari/537.36',
  accept: 'application/json, text/plain, */*',
  'sec-ch-ua': '"Google Chrome";v="141", "Not?A_Brand";v="8", "Chromium";v="141"',
  dnt: '1',
  'sec-ch-ua-mobile': '?0',
  origin: 'http://localhost:3000',
  'sec-fetch-site': 'same-site',
  'sec-fetch-mode': 'cors',
  'sec-fetch-dest': 'empty',
  referer: 'http://localhost:3000/',
  'accept-encoding': 'gzip, deflate, br, zstd',
  'accept-language': 'en-IN,en-GB;q=0.9,en-US;q=0.8,en;q=0.7,hi;q=0.6'
}
68e98dc8c2086f34f7825d48
hit
{
  host: 'localhost:8000',
  connection: 'keep-alive',
  'sec-ch-ua-platform': '"Linux"',
  authorization: 'Bearer eyJhbGciOiJIUzI1NiIsInR5cCI6IkpXVCJ9.eyJpZCI6IjY4ZTk4ZGM4YzIwODZmMzRmNzgyNWQ0OCIsImVtYWlsIjoidGVzdDEyM0B0ZXN0LmNvbSIsImlhdCI6MTc2MDEzNjc2NSwiZXhwIjoxNzYwMjIzMTY1fQ.DTaSdD3YvwZeSPKHCJp9kjfSzYaqHAHRvxCLCOyoNrM',
  'user-agent': 'Mozilla/5.0 (X11; Linux x86_64) AppleWebKit/537.36 (KHTML, like Gecko) Chrome/141.0.0.0 Safari/537.36',
  accept: 'application/json, text/plain, */*',
  'sec-ch-ua': '"Google Chrome";v="141", "Not?A_Brand";v="8", "Chromium";v="141"',
  dnt: '1',
  'sec-ch-ua-mobile': '?0',
  origin: 'http://localhost:3000',
  'sec-fetch-site': 'same-site',
  'sec-fetch-mode': 'cors',
  'sec-fetch-dest': 'empty',
  referer: 'http://localhost:3000/',
  'accept-encoding': 'gzip, deflate, br, zstd',
  'accept-language': 'en-IN,en-GB;q=0.9,en-US;q=0.8,en;q=0.7,hi;q=0.6'
}
68e98dc8c2086f34f7825d48
TypeError: Cannot read properties of null (reading 'chats')
    at file:///home/kshitij/Downloads/Web2/IntelAi/IntelAi-Backend-main/backend/index.js:211:41
    at process.processTicksAndRejections (node:internal/process/task_queues:95:5)
hit
{
  host: 'localhost:8000',
  connection: 'keep-alive',
  'content-length': '97',
  'sec-ch-ua-platform': '"Linux"',
  authorization: 'Bearer eyJhbGciOiJIUzI1NiIsInR5cCI6IkpXVCJ9.eyJpZCI6IjY4ZTk4ZGM4YzIwODZmMzRmNzgyNWQ0OCIsImVtYWlsIjoidGVzdDEyM0B0ZXN0LmNvbSIsImlhdCI6MTc2MDEzNjc2NSwiZXhwIjoxNzYwMjIzMTY1fQ.DTaSdD3YvwZeSPKHCJp9kjfSzYaqHAHRvxCLCOyoNrM',
  'sec-ch-ua': '"Google Chrome";v="141", "Not?A_Brand";v="8", "Chromium";v="141"',
  'sec-ch-ua-mobile': '?0',
  'user-agent': 'Mozilla/5.0 (X11; Linux x86_64) AppleWebKit/537.36 (KHTML, like Gecko) Chrome/141.0.0.0 Safari/537.36',
  accept: 'application/json, text/plain, */*',
  dnt: '1',
  'content-type': 'application/json',
  origin: 'http://localhost:3000',
  'sec-fetch-site': 'same-site',
  'sec-fetch-mode': 'cors',
  'sec-fetch-dest': 'empty',
  referer: 'http://localhost:3000/',
  'accept-encoding': 'gzip, deflate, br, zstd',
  'accept-language': 'en-IN,en-GB;q=0.9,en-US;q=0.8,en;q=0.7,hi;q=0.6'
}
68e98dc8c2086f34f7825d48
hit
{
  host: 'localhost:8000',
  connection: 'keep-alive',
  'content-length': '4229',
  'sec-ch-ua-platform': '"Linux"',
  authorization: 'Bearer eyJhbGciOiJIUzI1NiIsInR5cCI6IkpXVCJ9.eyJpZCI6IjY4ZTk4ZGM4YzIwODZmMzRmNzgyNWQ0OCIsImVtYWlsIjoidGVzdDEyM0B0ZXN0LmNvbSIsImlhdCI6MTc2MDEzNjc2NSwiZXhwIjoxNzYwMjIzMTY1fQ.DTaSdD3YvwZeSPKHCJp9kjfSzYaqHAHRvxCLCOyoNrM',
  'sec-ch-ua': '"Google Chrome";v="141", "Not?A_Brand";v="8", "Chromium";v="141"',
  'sec-ch-ua-mobile': '?0',
  'user-agent': 'Mozilla/5.0 (X11; Linux x86_64) AppleWebKit/537.36 (KHTML, like Gecko) Chrome/141.0.0.0 Safari/537.36',
  accept: 'application/json, text/plain, */*',
  dnt: '1',
  'content-type': 'application/json',
  origin: 'http://localhost:3000',
  'sec-fetch-site': 'same-site',
  'sec-fetch-mode': 'cors',
  'sec-fetch-dest': 'empty',
  referer: 'http://localhost:3000/',
  'accept-encoding': 'gzip, deflate, br, zstd',
  'accept-language': 'en-IN,en-GB;q=0.9,en-US;q=0.8,en;q=0.7,hi;q=0.6'
}
68e98dc8c2086f34f7825d48
hit
{
  host: 'localhost:8000',
  connection: 'keep-alive',
  'content-length': '107',
  'sec-ch-ua-platform': '"Linux"',
  authorization: 'Bearer eyJhbGciOiJIUzI1NiIsInR5cCI6IkpXVCJ9.eyJpZCI6IjY4ZTk4ZGM4YzIwODZmMzRmNzgyNWQ0OCIsImVtYWlsIjoidGVzdDEyM0B0ZXN0LmNvbSIsImlhdCI6MTc2MDEzNjc2NSwiZXhwIjoxNzYwMjIzMTY1fQ.DTaSdD3YvwZeSPKHCJp9kjfSzYaqHAHRvxCLCOyoNrM',
  'sec-ch-ua': '"Google Chrome";v="141", "Not?A_Brand";v="8", "Chromium";v="141"',
  'sec-ch-ua-mobile': '?0',
  'user-agent': 'Mozilla/5.0 (X11; Linux x86_64) AppleWebKit/537.36 (KHTML, like Gecko) Chrome/141.0.0.0 Safari/537.36',
  accept: 'application/json, text/plain, */*',
  dnt: '1',
  'content-type': 'application/json',
  origin: 'http://localhost:3000',
  'sec-fetch-site': 'same-site',
  'sec-fetch-mode': 'cors',
  'sec-fetch-dest': 'empty',
  referer: 'http://localhost:3000/',
  'accept-encoding': 'gzip, deflate, br, zstd',
  'accept-language': 'en-IN,en-GB;q=0.9,en-US;q=0.8,en;q=0.7,hi;q=0.6'
}
68e98dc8c2086f34f7825d48
hit
{
  host: 'localhost:8000',
  connection: 'keep-alive',
  'sec-ch-ua-platform': '"Linux"',
  authorization: 'Bearer eyJhbGciOiJIUzI1NiIsInR5cCI6IkpXVCJ9.eyJpZCI6IjY4ZTk4ZGM4YzIwODZmMzRmNzgyNWQ0OCIsImVtYWlsIjoidGVzdDEyM0B0ZXN0LmNvbSIsImlhdCI6MTc2MDEzNjc2NSwiZXhwIjoxNzYwMjIzMTY1fQ.DTaSdD3YvwZeSPKHCJp9kjfSzYaqHAHRvxCLCOyoNrM',
  'user-agent': 'Mozilla/5.0 (X11; Linux x86_64) AppleWebKit/537.36 (KHTML, like Gecko) Chrome/141.0.0.0 Safari/537.36',
  accept: 'application/json, text/plain, */*',
  'sec-ch-ua': '"Google Chrome";v="141", "Not?A_Brand";v="8", "Chromium";v="141"',
  dnt: '1',
  'sec-ch-ua-mobile': '?0',
  origin: 'http://localhost:3000',
  'sec-fetch-site': 'same-site',
  'sec-fetch-mode': 'cors',
  'sec-fetch-dest': 'empty',
  referer: 'http://localhost:3000/',
  'accept-encoding': 'gzip, deflate, br, zstd',
  'accept-language': 'en-IN,en-GB;q=0.9,en-US;q=0.8,en;q=0.7,hi;q=0.6'
}
68e98dc8c2086f34f7825d48
hit
{
  host: 'localhost:8000',
  connection: 'keep-alive',
  'sec-ch-ua-platform': '"Linux"',
  authorization: 'Bearer eyJhbGciOiJIUzI1NiIsInR5cCI6IkpXVCJ9.eyJpZCI6IjY4ZTk4ZGM4YzIwODZmMzRmNzgyNWQ0OCIsImVtYWlsIjoidGVzdDEyM0B0ZXN0LmNvbSIsImlhdCI6MTc2MDEzNjc2NSwiZXhwIjoxNzYwMjIzMTY1fQ.DTaSdD3YvwZeSPKHCJp9kjfSzYaqHAHRvxCLCOyoNrM',
  'user-agent': 'Mozilla/5.0 (X11; Linux x86_64) AppleWebKit/537.36 (KHTML, like Gecko) Chrome/141.0.0.0 Safari/537.36',
  accept: 'application/json, text/plain, */*',
  'sec-ch-ua': '"Google Chrome";v="141", "Not?A_Brand";v="8", "Chromium";v="141"',
  dnt: '1',
  'sec-ch-ua-mobile': '?0',
  origin: 'http://localhost:3000',
  'sec-fetch-site': 'same-site',
  'sec-fetch-mode': 'cors',
  'sec-fetch-dest': 'empty',
  referer: 'http://localhost:3000/',
  'accept-encoding': 'gzip, deflate, br, zstd',
  'accept-language': 'en-IN,en-GB;q=0.9,en-US;q=0.8,en;q=0.7,hi;q=0.6'
}
68e98dc8c2086f34f7825d48
hit
{
  host: 'localhost:8000',
  connection: 'keep-alive',
  'sec-ch-ua-platform': '"Linux"',
  authorization: 'Bearer null',
  'user-agent': 'Mozilla/5.0 (X11; Linux x86_64) AppleWebKit/537.36 (KHTML, like Gecko) Chrome/141.0.0.0 Safari/537.36',
  accept: 'application/json, text/plain, */*',
  'sec-ch-ua': '"Google Chrome";v="141", "Not?A_Brand";v="8", "Chromium";v="141"',
  dnt: '1',
  'sec-ch-ua-mobile': '?0',
  origin: 'http://localhost:3000',
  'sec-fetch-site': 'same-site',
  'sec-fetch-mode': 'cors',
  'sec-fetch-dest': 'empty',
  referer: 'http://localhost:3000/',
  'accept-encoding': 'gzip, deflate, br, zstd',
  'accept-language': 'en-IN,en-GB;q=0.9,en-US;q=0.8,en;q=0.7,hi;q=0.6'
}
hit
{
  host: 'localhost:8000',
  connection: 'keep-alive',
  'sec-ch-ua-platform': '"Linux"',
  authorization: 'Bearer null',
  'user-agent': 'Mozilla/5.0 (X11; Linux x86_64) AppleWebKit/537.36 (KHTML, like Gecko) Chrome/141.0.0.0 Safari/537.36',
  accept: 'application/json, text/plain, */*',
  'sec-ch-ua': '"Google Chrome";v="141", "Not?A_Brand";v="8", "Chromium";v="141"',
  dnt: '1',
  'sec-ch-ua-mobile': '?0',
  origin: 'http://localhost:3000',
  'sec-fetch-site': 'same-site',
  'sec-fetch-mode': 'cors',
  'sec-fetch-dest': 'empty',
  referer: 'http://localhost:3000/',
  'accept-encoding': 'gzip, deflate, br, zstd',
  'accept-language': 'en-IN,en-GB;q=0.9,en-US;q=0.8,en;q=0.7,hi;q=0.6'
}
hit
{
  host: 'localhost:8000',
  connection: 'keep-alive',
  'sec-ch-ua-platform': '"Linux"',
  authorization: 'Bearer null',
  'user-agent': 'Mozilla/5.0 (X11; Linux x86_64) AppleWebKit/537.36 (KHTML, like Gecko) Chrome/141.0.0.0 Safari/537.36',
  accept: 'application/json, text/plain, */*',
  'sec-ch-ua': '"Google Chrome";v="141", "Not?A_Brand";v="8", "Chromium";v="141"',
  dnt: '1',
  'sec-ch-ua-mobile': '?0',
  origin: 'http://localhost:3000',
  'sec-fetch-site': 'same-site',
  'sec-fetch-mode': 'cors',
  'sec-fetch-dest': 'empty',
  referer: 'http://localhost:3000/',
  'accept-encoding': 'gzip, deflate, br, zstd',
  'accept-language': 'en-IN,en-GB;q=0.9,en-US;q=0.8,en;q=0.7,hi;q=0.6',
  'if-none-match': 'W/"4-K+iMpCQsduglOsYkdIUQZQMtaDM"'
}
hit
{
  host: 'localhost:8000',
  connection: 'keep-alive',
  'sec-ch-ua-platform': '"Linux"',
  authorization: 'Bearer null',
  'user-agent': 'Mozilla/5.0 (X11; Linux x86_64) AppleWebKit/537.36 (KHTML, like Gecko) Chrome/141.0.0.0 Safari/537.36',
  accept: 'application/json, text/plain, */*',
  'sec-ch-ua': '"Google Chrome";v="141", "Not?A_Brand";v="8", "Chromium";v="141"',
  dnt: '1',
  'sec-ch-ua-mobile': '?0',
  origin: 'http://localhost:3000',
  'sec-fetch-site': 'same-site',
  'sec-fetch-mode': 'cors',
  'sec-fetch-dest': 'empty',
  referer: 'http://localhost:3000/',
  'accept-encoding': 'gzip, deflate, br, zstd',
  'accept-language': 'en-IN,en-GB;q=0.9,en-US;q=0.8,en;q=0.7,hi;q=0.6',
  'if-none-match': 'W/"4-K+iMpCQsduglOsYkdIUQZQMtaDM"'
}
hit
{
  host: 'localhost:8000',
  connection: 'keep-alive',
  'sec-ch-ua-platform': '"Linux"',
  authorization: 'Bearer eyJhbGciOiJIUzI1NiIsInR5cCI6IkpXVCJ9.eyJpZCI6IjY4ZTk4ZGM4YzIwODZmMzRmNzgyNWQ0OCIsImVtYWlsIjoidGVzdDEyM0B0ZXN0LmNvbSIsImlhdCI6MTc2MDEzNjc2NSwiZXhwIjoxNzYwMjIzMTY1fQ.DTaSdD3YvwZeSPKHCJp9kjfSzYaqHAHRvxCLCOyoNrM',
  'user-agent': 'Mozilla/5.0 (X11; Linux x86_64) AppleWebKit/537.36 (KHTML, like Gecko) Chrome/141.0.0.0 Safari/537.36',
  accept: 'application/json, text/plain, */*',
  'sec-ch-ua': '"Google Chrome";v="141", "Not?A_Brand";v="8", "Chromium";v="141"',
  dnt: '1',
  'sec-ch-ua-mobile': '?0',
  origin: 'http://localhost:3000',
  'sec-fetch-site': 'same-site',
  'sec-fetch-mode': 'cors',
  'sec-fetch-dest': 'empty',
  referer: 'http://localhost:3000/',
  'accept-encoding': 'gzip, deflate, br, zstd',
  'accept-language': 'en-IN,en-GB;q=0.9,en-US;q=0.8,en;q=0.7,hi;q=0.6'
}
68e98dc8c2086f34f7825d48
hit
{
  host: 'localhost:8000',
  connection: 'keep-alive',
  'sec-ch-ua-platform': '"Linux"',
  authorization: 'Bearer eyJhbGciOiJIUzI1NiIsInR5cCI6IkpXVCJ9.eyJpZCI6IjY4ZTk4ZGM4YzIwODZmMzRmNzgyNWQ0OCIsImVtYWlsIjoidGVzdDEyM0B0ZXN0LmNvbSIsImlhdCI6MTc2MDEzNjc2NSwiZXhwIjoxNzYwMjIzMTY1fQ.DTaSdD3YvwZeSPKHCJp9kjfSzYaqHAHRvxCLCOyoNrM',
  'user-agent': 'Mozilla/5.0 (X11; Linux x86_64) AppleWebKit/537.36 (KHTML, like Gecko) Chrome/141.0.0.0 Safari/537.36',
  accept: 'application/json, text/plain, */*',
  'sec-ch-ua': '"Google Chrome";v="141", "Not?A_Brand";v="8", "Chromium";v="141"',
  dnt: '1',
  'sec-ch-ua-mobile': '?0',
  origin: 'http://localhost:3000',
  'sec-fetch-site': 'same-site',
  'sec-fetch-mode': 'cors',
  'sec-fetch-dest': 'empty',
  referer: 'http://localhost:3000/',
  'accept-encoding': 'gzip, deflate, br, zstd',
  'accept-language': 'en-IN,en-GB;q=0.9,en-US;q=0.8,en;q=0.7,hi;q=0.6',
  'if-none-match': 'W/"4-K+iMpCQsduglOsYkdIUQZQMtaDM"'
}
68e98dc8c2086f34f7825d48
hit
{
  host: 'localhost:8000',
  connection: 'keep-alive',
  'sec-ch-ua-platform': '"Linux"',
  authorization: 'Bearer null',
  'user-agent': 'Mozilla/5.0 (X11; Linux x86_64) AppleWebKit/537.36 (KHTML, like Gecko) Chrome/141.0.0.0 Safari/537.36',
  accept: 'application/json, text/plain, */*',
  'sec-ch-ua': '"Google Chrome";v="141", "Not?A_Brand";v="8", "Chromium";v="141"',
  dnt: '1',
  'sec-ch-ua-mobile': '?0',
  origin: 'http://localhost:3000',
  'sec-fetch-site': 'same-site',
  'sec-fetch-mode': 'cors',
  'sec-fetch-dest': 'empty',
  referer: 'http://localhost:3000/',
  'accept-encoding': 'gzip, deflate, br, zstd',
  'accept-language': 'en-IN,en-GB;q=0.9,en-US;q=0.8,en;q=0.7,hi;q=0.6',
  'if-none-match': 'W/"a9-vJEw6r/gB2AkpQPo7Mf9+5aCtFA"'
}
hit
{
  host: 'localhost:8000',
  connection: 'keep-alive',
  'sec-ch-ua-platform': '"Linux"',
  authorization: 'Bearer null',
  'user-agent': 'Mozilla/5.0 (X11; Linux x86_64) AppleWebKit/537.36 (KHTML, like Gecko) Chrome/141.0.0.0 Safari/537.36',
  accept: 'application/json, text/plain, */*',
  'sec-ch-ua': '"Google Chrome";v="141", "Not?A_Brand";v="8", "Chromium";v="141"',
  dnt: '1',
  'sec-ch-ua-mobile': '?0',
  origin: 'http://localhost:3000',
  'sec-fetch-site': 'same-site',
  'sec-fetch-mode': 'cors',
  'sec-fetch-dest': 'empty',
  referer: 'http://localhost:3000/',
  'accept-encoding': 'gzip, deflate, br, zstd',
  'accept-language': 'en-IN,en-GB;q=0.9,en-US;q=0.8,en;q=0.7,hi;q=0.6',
  'if-none-match': 'W/"4-K+iMpCQsduglOsYkdIUQZQMtaDM"'
}
hit
{
  host: 'localhost:8000',
  connection: 'keep-alive',
  'sec-ch-ua-platform': '"Linux"',
  authorization: 'Bearer null',
  'user-agent': 'Mozilla/5.0 (X11; Linux x86_64) AppleWebKit/537.36 (KHTML, like Gecko) Chrome/141.0.0.0 Safari/537.36',
  accept: 'application/json, text/plain, */*',
  'sec-ch-ua': '"Google Chrome";v="141", "Not?A_Brand";v="8", "Chromium";v="141"',
  dnt: '1',
  'sec-ch-ua-mobile': '?0',
  origin: 'http://localhost:3000',
  'sec-fetch-site': 'same-site',
  'sec-fetch-mode': 'cors',
  'sec-fetch-dest': 'empty',
  referer: 'http://localhost:3000/',
  'accept-encoding': 'gzip, deflate, br, zstd',
  'accept-language': 'en-IN,en-GB;q=0.9,en-US;q=0.8,en;q=0.7,hi;q=0.6',
  'if-none-match': 'W/"a9-vJEw6r/gB2AkpQPo7Mf9+5aCtFA"'
}
hit
{
  host: 'localhost:8000',
  connection: 'keep-alive',
  'sec-ch-ua-platform': '"Linux"',
  authorization: 'Bearer null',
  'user-agent': 'Mozilla/5.0 (X11; Linux x86_64) AppleWebKit/537.36 (KHTML, like Gecko) Chrome/141.0.0.0 Safari/537.36',
  accept: 'application/json, text/plain, */*',
  'sec-ch-ua': '"Google Chrome";v="141", "Not?A_Brand";v="8", "Chromium";v="141"',
  dnt: '1',
  'sec-ch-ua-mobile': '?0',
  origin: 'http://localhost:3000',
  'sec-fetch-site': 'same-site',
  'sec-fetch-mode': 'cors',
  'sec-fetch-dest': 'empty',
  referer: 'http://localhost:3000/',
  'accept-encoding': 'gzip, deflate, br, zstd',
  'accept-language': 'en-IN,en-GB;q=0.9,en-US;q=0.8,en;q=0.7,hi;q=0.6',
  'if-none-match': 'W/"4-K+iMpCQsduglOsYkdIUQZQMtaDM"'
}
hit
{
  host: 'localhost:8000',
  connection: 'keep-alive',
  'sec-ch-ua-platform': '"Linux"',
  authorization: 'Bearer eyJhbGciOiJIUzI1NiIsInR5cCI6IkpXVCJ9.eyJpZCI6IjY4ZTk4ZGM4YzIwODZmMzRmNzgyNWQ0OCIsImVtYWlsIjoidGVzdDEyM0B0ZXN0LmNvbSIsImlhdCI6MTc2MDEzNzIzNiwiZXhwIjoxNzYwMjIzNjM2fQ.cSpJDgsbk4cXFEPU_l3Aip5poAV-7iXW55f0HZqj3NU',
  'user-agent': 'Mozilla/5.0 (X11; Linux x86_64) AppleWebKit/537.36 (KHTML, like Gecko) Chrome/141.0.0.0 Safari/537.36',
  accept: 'application/json, text/plain, */*',
  'sec-ch-ua': '"Google Chrome";v="141", "Not?A_Brand";v="8", "Chromium";v="141"',
  dnt: '1',
  'sec-ch-ua-mobile': '?0',
  origin: 'http://localhost:3000',
  'sec-fetch-site': 'same-site',
  'sec-fetch-mode': 'cors',
  'sec-fetch-dest': 'empty',
  referer: 'http://localhost:3000/',
  'accept-encoding': 'gzip, deflate, br, zstd',
  'accept-language': 'en-IN,en-GB;q=0.9,en-US;q=0.8,en;q=0.7,hi;q=0.6',
  'if-none-match': 'W/"a9-vJEw6r/gB2AkpQPo7Mf9+5aCtFA"'
}
68e98dc8c2086f34f7825d48
hit
{
  host: 'localhost:8000',
  connection: 'keep-alive',
  'sec-ch-ua-platform': '"Linux"',
  authorization: 'Bearer eyJhbGciOiJIUzI1NiIsInR5cCI6IkpXVCJ9.eyJpZCI6IjY4ZTk4ZGM4YzIwODZmMzRmNzgyNWQ0OCIsImVtYWlsIjoidGVzdDEyM0B0ZXN0LmNvbSIsImlhdCI6MTc2MDEzNzIzNiwiZXhwIjoxNzYwMjIzNjM2fQ.cSpJDgsbk4cXFEPU_l3Aip5poAV-7iXW55f0HZqj3NU',
  'user-agent': 'Mozilla/5.0 (X11; Linux x86_64) AppleWebKit/537.36 (KHTML, like Gecko) Chrome/141.0.0.0 Safari/537.36',
  accept: 'application/json, text/plain, */*',
  'sec-ch-ua': '"Google Chrome";v="141", "Not?A_Brand";v="8", "Chromium";v="141"',
  dnt: '1',
  'sec-ch-ua-mobile': '?0',
  origin: 'http://localhost:3000',
  'sec-fetch-site': 'same-site',
  'sec-fetch-mode': 'cors',
  'sec-fetch-dest': 'empty',
  referer: 'http://localhost:3000/',
  'accept-encoding': 'gzip, deflate, br, zstd',
  'accept-language': 'en-IN,en-GB;q=0.9,en-US;q=0.8,en;q=0.7,hi;q=0.6',
  'if-none-match': 'W/"4-K+iMpCQsduglOsYkdIUQZQMtaDM"'
}
68e98dc8c2086f34f7825d48
hit
{
  host: 'localhost:8000',
  connection: 'keep-alive',
  'content-length': '98',
  'sec-ch-ua-platform': '"Linux"',
  authorization: 'Bearer eyJhbGciOiJIUzI1NiIsInR5cCI6IkpXVCJ9.eyJpZCI6IjY4ZTk4ZGM4YzIwODZmMzRmNzgyNWQ0OCIsImVtYWlsIjoidGVzdDEyM0B0ZXN0LmNvbSIsImlhdCI6MTc2MDEzNzIzNiwiZXhwIjoxNzYwMjIzNjM2fQ.cSpJDgsbk4cXFEPU_l3Aip5poAV-7iXW55f0HZqj3NU',
  'sec-ch-ua': '"Google Chrome";v="141", "Not?A_Brand";v="8", "Chromium";v="141"',
  'sec-ch-ua-mobile': '?0',
  'user-agent': 'Mozilla/5.0 (X11; Linux x86_64) AppleWebKit/537.36 (KHTML, like Gecko) Chrome/141.0.0.0 Safari/537.36',
  accept: 'application/json, text/plain, */*',
  dnt: '1',
  'content-type': 'application/json',
  origin: 'http://localhost:3000',
  'sec-fetch-site': 'same-site',
  'sec-fetch-mode': 'cors',
  'sec-fetch-dest': 'empty',
  referer: 'http://localhost:3000/',
  'accept-encoding': 'gzip, deflate, br, zstd',
  'accept-language': 'en-IN,en-GB;q=0.9,en-US;q=0.8,en;q=0.7,hi;q=0.6'
}
68e98dc8c2086f34f7825d48
hit
{
  host: 'localhost:8000',
  connection: 'keep-alive',
  'content-length': '6377',
  'sec-ch-ua-platform': '"Linux"',
  authorization: 'Bearer eyJhbGciOiJIUzI1NiIsInR5cCI6IkpXVCJ9.eyJpZCI6IjY4ZTk4ZGM4YzIwODZmMzRmNzgyNWQ0OCIsImVtYWlsIjoidGVzdDEyM0B0ZXN0LmNvbSIsImlhdCI6MTc2MDEzNzIzNiwiZXhwIjoxNzYwMjIzNjM2fQ.cSpJDgsbk4cXFEPU_l3Aip5poAV-7iXW55f0HZqj3NU',
  'sec-ch-ua': '"Google Chrome";v="141", "Not?A_Brand";v="8", "Chromium";v="141"',
  'sec-ch-ua-mobile': '?0',
  'user-agent': 'Mozilla/5.0 (X11; Linux x86_64) AppleWebKit/537.36 (KHTML, like Gecko) Chrome/141.0.0.0 Safari/537.36',
  accept: 'application/json, text/plain, */*',
  dnt: '1',
  'content-type': 'application/json',
  origin: 'http://localhost:3000',
  'sec-fetch-site': 'same-site',
  'sec-fetch-mode': 'cors',
  'sec-fetch-dest': 'empty',
  referer: 'http://localhost:3000/',
  'accept-encoding': 'gzip, deflate, br, zstd',
  'accept-language': 'en-IN,en-GB;q=0.9,en-US;q=0.8,en;q=0.7,hi;q=0.6'
}
68e98dc8c2086f34f7825d48
hit
{
  host: 'localhost:8000',
  connection: 'keep-alive',
  'content-length': '108',
  'sec-ch-ua-platform': '"Linux"',
  authorization: 'Bearer eyJhbGciOiJIUzI1NiIsInR5cCI6IkpXVCJ9.eyJpZCI6IjY4ZTk4ZGM4YzIwODZmMzRmNzgyNWQ0OCIsImVtYWlsIjoidGVzdDEyM0B0ZXN0LmNvbSIsImlhdCI6MTc2MDEzNzIzNiwiZXhwIjoxNzYwMjIzNjM2fQ.cSpJDgsbk4cXFEPU_l3Aip5poAV-7iXW55f0HZqj3NU',
  'sec-ch-ua': '"Google Chrome";v="141", "Not?A_Brand";v="8", "Chromium";v="141"',
  'sec-ch-ua-mobile': '?0',
  'user-agent': 'Mozilla/5.0 (X11; Linux x86_64) AppleWebKit/537.36 (KHTML, like Gecko) Chrome/141.0.0.0 Safari/537.36',
  accept: 'application/json, text/plain, */*',
  dnt: '1',
  'content-type': 'application/json',
  origin: 'http://localhost:3000',
  'sec-fetch-site': 'same-site',
  'sec-fetch-mode': 'cors',
  'sec-fetch-dest': 'empty',
  referer: 'http://localhost:3000/',
  'accept-encoding': 'gzip, deflate, br, zstd',
  'accept-language': 'en-IN,en-GB;q=0.9,en-US;q=0.8,en;q=0.7,hi;q=0.6'
}
68e98dc8c2086f34f7825d48
hit
{
  host: 'localhost:8000',
  connection: 'keep-alive',
  'sec-ch-ua-platform': '"Linux"',
  authorization: 'Bearer eyJhbGciOiJIUzI1NiIsInR5cCI6IkpXVCJ9.eyJpZCI6IjY4ZTk4ZGM4YzIwODZmMzRmNzgyNWQ0OCIsImVtYWlsIjoidGVzdDEyM0B0ZXN0LmNvbSIsImlhdCI6MTc2MDEzNzIzNiwiZXhwIjoxNzYwMjIzNjM2fQ.cSpJDgsbk4cXFEPU_l3Aip5poAV-7iXW55f0HZqj3NU',
  'user-agent': 'Mozilla/5.0 (X11; Linux x86_64) AppleWebKit/537.36 (KHTML, like Gecko) Chrome/141.0.0.0 Safari/537.36',
  accept: 'application/json, text/plain, */*',
  'sec-ch-ua': '"Google Chrome";v="141", "Not?A_Brand";v="8", "Chromium";v="141"',
  dnt: '1',
  'sec-ch-ua-mobile': '?0',
  origin: 'http://localhost:3000',
  'sec-fetch-site': 'same-site',
  'sec-fetch-mode': 'cors',
  'sec-fetch-dest': 'empty',
  referer: 'http://localhost:3000/',
  'accept-encoding': 'gzip, deflate, br, zstd',
  'accept-language': 'en-IN,en-GB;q=0.9,en-US;q=0.8,en;q=0.7,hi;q=0.6'
}
68e98dc8c2086f34f7825d48
hit
{
  host: 'localhost:8000',
  connection: 'keep-alive',
  'sec-ch-ua-platform': '"Linux"',
  authorization: 'Bearer eyJhbGciOiJIUzI1NiIsInR5cCI6IkpXVCJ9.eyJpZCI6IjY4ZTk4ZGM4YzIwODZmMzRmNzgyNWQ0OCIsImVtYWlsIjoidGVzdDEyM0B0ZXN0LmNvbSIsImlhdCI6MTc2MDEzNzIzNiwiZXhwIjoxNzYwMjIzNjM2fQ.cSpJDgsbk4cXFEPU_l3Aip5poAV-7iXW55f0HZqj3NU',
  'user-agent': 'Mozilla/5.0 (X11; Linux x86_64) AppleWebKit/537.36 (KHTML, like Gecko) Chrome/141.0.0.0 Safari/537.36',
  accept: 'application/json, text/plain, */*',
  'sec-ch-ua': '"Google Chrome";v="141", "Not?A_Brand";v="8", "Chromium";v="141"',
  dnt: '1',
  'sec-ch-ua-mobile': '?0',
  origin: 'http://localhost:3000',
  'sec-fetch-site': 'same-site',
  'sec-fetch-mode': 'cors',
  'sec-fetch-dest': 'empty',
  referer: 'http://localhost:3000/',
  'accept-encoding': 'gzip, deflate, br, zstd',
  'accept-language': 'en-IN,en-GB;q=0.9,en-US;q=0.8,en;q=0.7,hi;q=0.6'
}
68e98dc8c2086f34f7825d48
hit
{
  host: 'localhost:8000',
  connection: 'keep-alive',
  'sec-ch-ua-platform': '"Linux"',
  authorization: 'Bearer null',
  'user-agent': 'Mozilla/5.0 (X11; Linux x86_64) AppleWebKit/537.36 (KHTML, like Gecko) Chrome/141.0.0.0 Safari/537.36',
  accept: 'application/json, text/plain, */*',
  'sec-ch-ua': '"Google Chrome";v="141", "Not?A_Brand";v="8", "Chromium";v="141"',
  dnt: '1',
  'sec-ch-ua-mobile': '?0',
  origin: 'http://localhost:3000',
  'sec-fetch-site': 'same-site',
  'sec-fetch-mode': 'cors',
  'sec-fetch-dest': 'empty',
  referer: 'http://localhost:3000/',
  'accept-encoding': 'gzip, deflate, br, zstd',
  'accept-language': 'en-IN,en-GB;q=0.9,en-US;q=0.8,en;q=0.7,hi;q=0.6'
}
hit
{
  host: 'localhost:8000',
  connection: 'keep-alive',
  'sec-ch-ua-platform': '"Linux"',
  authorization: 'Bearer null',
  'user-agent': 'Mozilla/5.0 (X11; Linux x86_64) AppleWebKit/537.36 (KHTML, like Gecko) Chrome/141.0.0.0 Safari/537.36',
  accept: 'application/json, text/plain, */*',
  'sec-ch-ua': '"Google Chrome";v="141", "Not?A_Brand";v="8", "Chromium";v="141"',
  dnt: '1',
  'sec-ch-ua-mobile': '?0',
  origin: 'http://localhost:3000',
  'sec-fetch-site': 'same-site',
  'sec-fetch-mode': 'cors',
  'sec-fetch-dest': 'empty',
  referer: 'http://localhost:3000/',
  'accept-encoding': 'gzip, deflate, br, zstd',
  'accept-language': 'en-IN,en-GB;q=0.9,en-US;q=0.8,en;q=0.7,hi;q=0.6'
}
hit
{
  host: 'localhost:8000',
  connection: 'keep-alive',
  'sec-ch-ua-platform': '"Linux"',
  authorization: 'Bearer null',
  'user-agent': 'Mozilla/5.0 (X11; Linux x86_64) AppleWebKit/537.36 (KHTML, like Gecko) Chrome/141.0.0.0 Safari/537.36',
  accept: 'application/json, text/plain, */*',
  'sec-ch-ua': '"Google Chrome";v="141", "Not?A_Brand";v="8", "Chromium";v="141"',
  dnt: '1',
  'sec-ch-ua-mobile': '?0',
  origin: 'http://localhost:3000',
  'sec-fetch-site': 'same-site',
  'sec-fetch-mode': 'cors',
  'sec-fetch-dest': 'empty',
  referer: 'http://localhost:3000/',
  'accept-encoding': 'gzip, deflate, br, zstd',
  'accept-language': 'en-IN,en-GB;q=0.9,en-US;q=0.8,en;q=0.7,hi;q=0.6',
  'if-none-match': 'W/"4-K+iMpCQsduglOsYkdIUQZQMtaDM"'
}
hit
{
  host: 'localhost:8000',
  connection: 'keep-alive',
  'sec-ch-ua-platform': '"Linux"',
  authorization: 'Bearer null',
  'user-agent': 'Mozilla/5.0 (X11; Linux x86_64) AppleWebKit/537.36 (KHTML, like Gecko) Chrome/141.0.0.0 Safari/537.36',
  accept: 'application/json, text/plain, */*',
  'sec-ch-ua': '"Google Chrome";v="141", "Not?A_Brand";v="8", "Chromium";v="141"',
  dnt: '1',
  'sec-ch-ua-mobile': '?0',
  origin: 'http://localhost:3000',
  'sec-fetch-site': 'same-site',
  'sec-fetch-mode': 'cors',
  'sec-fetch-dest': 'empty',
  referer: 'http://localhost:3000/',
  'accept-encoding': 'gzip, deflate, br, zstd',
  'accept-language': 'en-IN,en-GB;q=0.9,en-US;q=0.8,en;q=0.7,hi;q=0.6',
  'if-none-match': 'W/"4-K+iMpCQsduglOsYkdIUQZQMtaDM"'
}
hit
{
  host: 'localhost:8000',
  connection: 'keep-alive',
  'sec-ch-ua-platform': '"Linux"',
  authorization: 'Bearer eyJhbGciOiJIUzI1NiIsInR5cCI6IkpXVCJ9.eyJpZCI6IjY4ZTk4ZGM4YzIwODZmMzRmNzgyNWQ0OCIsImVtYWlsIjoidGVzdDEyM0B0ZXN0LmNvbSIsImlhdCI6MTc2MDEzNzIzNiwiZXhwIjoxNzYwMjIzNjM2fQ.cSpJDgsbk4cXFEPU_l3Aip5poAV-7iXW55f0HZqj3NU',
  'user-agent': 'Mozilla/5.0 (X11; Linux x86_64) AppleWebKit/537.36 (KHTML, like Gecko) Chrome/141.0.0.0 Safari/537.36',
  accept: 'application/json, text/plain, */*',
  'sec-ch-ua': '"Google Chrome";v="141", "Not?A_Brand";v="8", "Chromium";v="141"',
  dnt: '1',
  'sec-ch-ua-mobile': '?0',
  origin: 'http://localhost:3000',
  'sec-fetch-site': 'same-site',
  'sec-fetch-mode': 'cors',
  'sec-fetch-dest': 'empty',
  referer: 'http://localhost:3000/',
  'accept-encoding': 'gzip, deflate, br, zstd',
  'accept-language': 'en-IN,en-GB;q=0.9,en-US;q=0.8,en;q=0.7,hi;q=0.6'
}
68e98dc8c2086f34f7825d48
hit
{
  host: 'localhost:8000',
  connection: 'keep-alive',
  'sec-ch-ua-platform': '"Linux"',
  authorization: 'Bearer eyJhbGciOiJIUzI1NiIsInR5cCI6IkpXVCJ9.eyJpZCI6IjY4ZTk4ZGM4YzIwODZmMzRmNzgyNWQ0OCIsImVtYWlsIjoidGVzdDEyM0B0ZXN0LmNvbSIsImlhdCI6MTc2MDEzNzIzNiwiZXhwIjoxNzYwMjIzNjM2fQ.cSpJDgsbk4cXFEPU_l3Aip5poAV-7iXW55f0HZqj3NU',
  'user-agent': 'Mozilla/5.0 (X11; Linux x86_64) AppleWebKit/537.36 (KHTML, like Gecko) Chrome/141.0.0.0 Safari/537.36',
  accept: 'application/json, text/plain, */*',
  'sec-ch-ua': '"Google Chrome";v="141", "Not?A_Brand";v="8", "Chromium";v="141"',
  dnt: '1',
  'sec-ch-ua-mobile': '?0',
  origin: 'http://localhost:3000',
  'sec-fetch-site': 'same-site',
  'sec-fetch-mode': 'cors',
  'sec-fetch-dest': 'empty',
  referer: 'http://localhost:3000/',
  'accept-encoding': 'gzip, deflate, br, zstd',
  'accept-language': 'en-IN,en-GB;q=0.9,en-US;q=0.8,en;q=0.7,hi;q=0.6',
  'if-none-match': 'W/"4-K+iMpCQsduglOsYkdIUQZQMtaDM"'
}
68e98dc8c2086f34f7825d48
